{"C:\\Users\\fred\\Dev\\fwestling-github-io\\src\\App.tsx": {"path":"C:\\Users\\fred\\Dev\\fwestling-github-io\\src\\App.tsx","statementMap":{"0":{"start":{"line":1,"column":0},"end":{"line":1,"column":26}},"1":{"start":{"line":2,"column":0},"end":{"line":2,"column":null}},"2":{"start":{"line":15,"column":12},"end":{"line":126,"column":1}},"3":{"start":{"line":16,"column":26},"end":{"line":16,"column":47}},"4":{"start":{"line":17,"column":23},"end":{"line":17,"column":43}},"5":{"start":{"line":17,"column":29},"end":{"line":17,"column":43}},"6":{"start":{"line":19,"column":2},"end":{"line":125,"column":4}},"7":{"start":{"line":128,"column":0},"end":{"line":128,"column":19}}},"fnMap":{"0":{"name":"(anonymous_1)","decl":{"start":{"line":15,"column":12},"end":{"line":15,"column":15}},"loc":{"start":{"line":15,"column":17},"end":{"line":126,"column":1}}},"1":{"name":"(anonymous_2)","decl":{"start":{"line":17,"column":23},"end":{"line":17,"column":26}},"loc":{"start":{"line":17,"column":29},"end":{"line":17,"column":43}}}},"branchMap":{"0":{"loc":{"start":{"line":64,"column":27},"end":{"line":64,"column":50}},"type":"cond-expr","locations":[{"start":{"line":64,"column":34},"end":{"line":64,"column":41}},{"start":{"line":64,"column":44},"end":{"line":64,"column":50}}]},"1":{"loc":{"start":{"line":82,"column":27},"end":{"line":82,"column":50}},"type":"cond-expr","locations":[{"start":{"line":82,"column":34},"end":{"line":82,"column":41}},{"start":{"line":82,"column":44},"end":{"line":82,"column":50}}]}},"s":{"0":0,"1":0,"2":0,"3":0,"4":0,"5":0,"6":0,"7":0},"f":{"0":0,"1":0},"b":{"0":[0,0],"1":[0,0]}}
,"C:\\Users\\fred\\Dev\\fwestling-github-io\\src\\main.tsx": {"path":"C:\\Users\\fred\\Dev\\fwestling-github-io\\src\\main.tsx","statementMap":{"0":{"start":{"line":1,"column":0},"end":{"line":1,"column":50}},"1":{"start":{"line":2,"column":0},"end":{"line":2,"column":26}},"2":{"start":{"line":3,"column":0},"end":{"line":3,"column":40}},"3":{"start":{"line":4,"column":0},"end":{"line":4,"column":28}},"4":{"start":{"line":5,"column":0},"end":{"line":5,"column":21}},"5":{"start":{"line":6,"column":0},"end":{"line":6,"column":37}},"6":{"start":{"line":8,"column":0},"end":{"line":14,"column":2}}},"fnMap":{},"branchMap":{},"s":{"0":0,"1":0,"2":0,"3":0,"4":0,"5":0,"6":0},"f":{},"b":{}}
,"C:\\Users\\fred\\Dev\\fwestling-github-io\\src\\vite-env.d.ts": {"path":"C:\\Users\\fred\\Dev\\fwestling-github-io\\src\\vite-env.d.ts","statementMap":{},"fnMap":{},"branchMap":{},"s":{},"f":{},"b":{}}
,"C:\\Users\\fred\\Dev\\fwestling-github-io\\src\\List\\List.tsx": {"path":"C:\\Users\\fred\\Dev\\fwestling-github-io\\src\\List\\List.tsx","statementMap":{"0":{"start":{"line":1,"column":13},"end":{"line":11,"column":1}},"1":{"start":{"line":2,"column":2},"end":{"line":10,"column":4}},"2":{"start":{"line":13,"column":0},"end":{"line":13,"column":20}}},"fnMap":{"0":{"name":"(anonymous_0)","decl":{"start":{"line":1,"column":13},"end":{"line":1,"column":16}},"loc":{"start":{"line":1,"column":18},"end":{"line":11,"column":1}}}},"branchMap":{},"s":{"0":1,"1":2,"2":1},"f":{"0":2},"b":{}}
,"C:\\Users\\fred\\Dev\\fwestling-github-io\\src\\components\\layout\\Logo\\Logo.tsx": {"path":"C:\\Users\\fred\\Dev\\fwestling-github-io\\src\\components\\layout\\Logo\\Logo.tsx","statementMap":{"0":{"start":{"line":1,"column":0},"end":{"line":1,"column":55}},"1":{"start":{"line":5,"column":13},"end":{"line":13,"column":1}},"2":{"start":{"line":6,"column":2},"end":{"line":12,"column":4}},"3":{"start":{"line":15,"column":0},"end":{"line":15,"column":20}}},"fnMap":{"0":{"name":"(anonymous_0)","decl":{"start":{"line":5,"column":13},"end":{"line":5,"column":14}},"loc":{"start":{"line":5,"column":30},"end":{"line":13,"column":1}}}},"branchMap":{},"s":{"0":0,"1":0,"2":0,"3":0},"f":{"0":0},"b":{}}
,"C:\\Users\\fred\\Dev\\fwestling-github-io\\src\\components\\layout\\MenuToggle\\MenuToggle.tsx": {"path":"C:\\Users\\fred\\Dev\\fwestling-github-io\\src\\components\\layout\\MenuToggle\\MenuToggle.tsx","statementMap":{"0":{"start":{"line":1,"column":0},"end":{"line":1,"column":42}},"1":{"start":{"line":2,"column":0},"end":{"line":2,"column":49}},"2":{"start":{"line":9,"column":19},"end":{"line":15,"column":1}},"3":{"start":{"line":10,"column":2},"end":{"line":14,"column":4}},"4":{"start":{"line":17,"column":0},"end":{"line":17,"column":26}}},"fnMap":{"0":{"name":"(anonymous_1)","decl":{"start":{"line":9,"column":19},"end":{"line":9,"column":20}},"loc":{"start":{"line":9,"column":49},"end":{"line":15,"column":1}}}},"branchMap":{"0":{"loc":{"start":{"line":12,"column":7},"end":{"line":12,"column":44}},"type":"cond-expr","locations":[{"start":{"line":12,"column":16},"end":{"line":12,"column":29}},{"start":{"line":12,"column":32},"end":{"line":12,"column":44}}]}},"s":{"0":0,"1":0,"2":0,"3":0,"4":0},"f":{"0":0},"b":{"0":[0,0]}}
,"C:\\Users\\fred\\Dev\\fwestling-github-io\\src\\icons\\CloseIcon.tsx": {"path":"C:\\Users\\fred\\Dev\\fwestling-github-io\\src\\icons\\CloseIcon.tsx","statementMap":{"0":{"start":{"line":1,"column":0},"end":{"line":1,"column":51}},"1":{"start":{"line":2,"column":0},"end":{"line":2,"column":42}},"2":{"start":{"line":6,"column":18},"end":{"line":8,"column":1}},"3":{"start":{"line":7,"column":2},"end":{"line":7,"column":42}},"4":{"start":{"line":10,"column":0},"end":{"line":10,"column":25}}},"fnMap":{"0":{"name":"(anonymous_0)","decl":{"start":{"line":6,"column":18},"end":{"line":6,"column":19}},"loc":{"start":{"line":6,"column":35},"end":{"line":8,"column":1}}}},"branchMap":{},"s":{"0":1,"1":1,"2":1,"3":1,"4":1},"f":{"0":1},"b":{}}
,"C:\\Users\\fred\\Dev\\fwestling-github-io\\src\\icons\\MenuIcon.tsx": {"path":"C:\\Users\\fred\\Dev\\fwestling-github-io\\src\\icons\\MenuIcon.tsx","statementMap":{"0":{"start":{"line":1,"column":0},"end":{"line":1,"column":51}},"1":{"start":{"line":2,"column":0},"end":{"line":2,"column":41}},"2":{"start":{"line":6,"column":17},"end":{"line":8,"column":1}},"3":{"start":{"line":7,"column":2},"end":{"line":7,"column":41}},"4":{"start":{"line":10,"column":0},"end":{"line":10,"column":24}}},"fnMap":{"0":{"name":"(anonymous_0)","decl":{"start":{"line":6,"column":17},"end":{"line":6,"column":18}},"loc":{"start":{"line":6,"column":34},"end":{"line":8,"column":1}}}},"branchMap":{},"s":{"0":1,"1":1,"2":1,"3":1,"4":1},"f":{"0":1},"b":{}}
,"C:\\Users\\fred\\Dev\\fwestling-github-io\\src\\style\\theme.ts": {"path":"C:\\Users\\fred\\Dev\\fwestling-github-io\\src\\style\\theme.ts","statementMap":{"0":{"start":{"line":1,"column":0},"end":{"line":1,"column":47}},"1":{"start":{"line":3,"column":14},"end":{"line":15,"column":2}},"2":{"start":{"line":17,"column":0},"end":{"line":17,"column":21}}},"fnMap":{},"branchMap":{},"s":{"0":0,"1":0,"2":0},"f":{},"b":{}}
}
