{"/Users/fwestling/Dev/fwestling.github.io/src/App.tsx": {"path":"/Users/fwestling/Dev/fwestling.github.io/src/App.tsx","statementMap":{"0":{"start":{"line":1,"column":0},"end":{"line":1,"column":32}},"1":{"start":{"line":2,"column":0},"end":{"line":2,"column":42}},"2":{"start":{"line":3,"column":0},"end":{"line":3,"column":32}},"3":{"start":{"line":4,"column":0},"end":{"line":4,"column":18}},"4":{"start":{"line":7,"column":28},"end":{"line":7,"column":39}},"5":{"start":{"line":9,"column":2},"end":{"line":32,"column":null}},"6":{"start":{"line":21,"column":31},"end":{"line":21,"column":61}},"7":{"start":{"line":21,"column":51},"end":{"line":21,"column":60}},"8":{"start":{"line":35,"column":0},"end":{"line":35,"column":null}}},"fnMap":{"0":{"name":"App","decl":{"start":{"line":6,"column":9},"end":{"line":6,"column":12}},"loc":{"start":{"line":6,"column":12},"end":{"line":33,"column":1}}},"1":{"name":"(anonymous_2)","decl":{"start":{"line":21,"column":25},"end":{"line":21,"column":28}},"loc":{"start":{"line":21,"column":31},"end":{"line":21,"column":61}}},"2":{"name":"(anonymous_3)","decl":{"start":{"line":21,"column":40},"end":{"line":21,"column":41}},"loc":{"start":{"line":21,"column":51},"end":{"line":21,"column":60}}}},"branchMap":{},"s":{"0":0,"1":0,"2":0,"3":0,"4":0,"5":0,"6":0,"7":0,"8":0},"f":{"0":0,"1":0,"2":0},"b":{}}
,"/Users/fwestling/Dev/fwestling.github.io/src/main.tsx": {"path":"/Users/fwestling/Dev/fwestling.github.io/src/main.tsx","statementMap":{"0":{"start":{"line":1,"column":0},"end":{"line":1,"column":25}},"1":{"start":{"line":2,"column":0},"end":{"line":2,"column":39}},"2":{"start":{"line":3,"column":0},"end":{"line":3,"column":27}},"3":{"start":{"line":4,"column":0},"end":{"line":4,"column":20}},"4":{"start":{"line":6,"column":0},"end":{"line":10,"column":null}}},"fnMap":{},"branchMap":{},"s":{"0":0,"1":0,"2":0,"3":0,"4":0},"f":{},"b":{}}
,"/Users/fwestling/Dev/fwestling.github.io/src/vite-env.d.ts": {"path":"/Users/fwestling/Dev/fwestling.github.io/src/vite-env.d.ts","statementMap":{},"fnMap":{},"branchMap":{},"s":{},"f":{},"b":{}}
,"/Users/fwestling/Dev/fwestling.github.io/src/List/List.tsx": {"path":"/Users/fwestling/Dev/fwestling.github.io/src/List/List.tsx","statementMap":{"0":{"start":{"line":1,"column":13},"end":{"line":11,"column":1}},"1":{"start":{"line":2,"column":2},"end":{"line":10,"column":4}},"2":{"start":{"line":13,"column":0},"end":{"line":13,"column":20}}},"fnMap":{"0":{"name":"(anonymous_0)","decl":{"start":{"line":1,"column":13},"end":{"line":1,"column":16}},"loc":{"start":{"line":1,"column":18},"end":{"line":11,"column":1}}}},"branchMap":{},"s":{"0":1,"1":2,"2":1},"f":{"0":2},"b":{}}
}
